{
  "RSpec": {
    "coverage": {
      "/Users/samthoburn/Desktop/Repos/Bookmark-Manager/app.rb": {
        "lines": [
          1,
          1,
          null,
          1,
          1,
          1,
          null,
          null,
          1,
          0,
          0,
          null,
          null
        ]
      },
      "/Users/samthoburn/Desktop/Repos/Bookmark-Manager/lib/bookmark.rb": {
        "lines": [
          1,
          null,
          1,
          null,
          1,
          null,
          1,
          1,
          null,
          null,
          1,
          0,
          0,
          null,
          0,
          null,
          null,
          0,
          0,
          null,
          null
        ]
      },
      "/Users/samthoburn/Desktop/Repos/Bookmark-Manager/spec/features/bookmark_feature_spec.rb": {
        "lines": [
          1,
          1,
          1,
          1,
          null,
          null,
          null,
          1,
          1,
          1,
          null,
          0,
          0,
          null,
          null,
          null,
          null,
          null,
          null,
          null,
          null,
          null,
          null,
          null,
          null
        ]
      },
      "/Users/samthoburn/Desktop/Repos/Bookmark-Manager/spec/lib/bookmark_spec.rb": {
        "lines": [
          1,
          null,
          1,
          1,
          1,
          1,
          1,
          null,
          null,
          null,
          1,
          1,
          1,
          0,
          null,
          0,
          0,
          0,
          null,
          null,
          null
        ]
      }
    },
    "timestamp": 1634046458
  }
}
